Watching for file changes with StatReloader
Waiting for apps ready_event.
Apps ready_event triggered. Sending autoreload_started signal.
Watching dir /Users/vivmagarwal/Desktop/VSCode/Django/storefront/movies/templates with glob **/*.
Watching dir /Users/vivmagarwal/Desktop/VSCode/Django/storefront/templates with glob **/*.
Watching dir /Users/vivmagarwal/Desktop/VSCode/Django/storefront/locale with glob **/*.mo.
Watching dir /Users/vivmagarwal/Desktop/VSCode/Django/storefront/playground/locale with glob **/*.mo.
Watching dir /Users/vivmagarwal/Desktop/VSCode/Django/storefront/movies/locale with glob **/*.mo.
(0.000) 
            SELECT name, type FROM sqlite_master
            WHERE type in ('table', 'view') AND NOT name='sqlite_sequence'
            ORDER BY name; args=None; alias=default
(0.000) SELECT "django_migrations"."id", "django_migrations"."app", "django_migrations"."name", "django_migrations"."applied" FROM "django_migrations"; args=(); alias=default
File /Users/vivmagarwal/miniconda3/envs/django/lib/python3.12/asyncio/futures.py first seen with mtime 1728048741.8275456
File /Users/vivmagarwal/miniconda3/envs/django/lib/python3.12/weakref.py first seen with mtime 1728048741.7254446
File /Users/vivmagarwal/Desktop/VSCode/Django/storefront/storefront/urls.py first seen with mtime 1728478656.7342873
File /Users/vivmagarwal/miniconda3/envs/django/lib/python3.12/site-packages/django/core/checks/urls.py first seen with mtime 1724964536.1269772
File /Users/vivmagarwal/miniconda3/envs/django/lib/python3.12/site-packages/django/utils/functional.py first seen with mtime 1724964536.1811166
File /Users/vivmagarwal/miniconda3/envs/django/lib/python3.12/site-packages/django/core/files/storage/mixins.py first seen with mtime 1724964536.1293504
File /Users/vivmagarwal/miniconda3/envs/django/lib/python3.12/site-packages/django/urls/base.py first seen with mtime 1724964536.178049
File /Users/vivmagarwal/miniconda3/envs/django/lib/python3.12/site-packages/django/http/multipartparser.py first seen with mtime 1724964536.170267
File /Users/vivmagarwal/miniconda3/envs/django/lib/python3.12/site-packages/django/core/validators.py first seen with mtime 1724964536.124412
File /Users/vivmagarwal/miniconda3/envs/django/lib/python3.12/site-packages/django/core/cache/__init__.py first seen with mtime 1724964536.1246676
File /Users/vivmagarwal/miniconda3/envs/django/lib/python3.12/site-packages/django/core/checks/async_checks.py first seen with mtime 1724964536.1259773
File /Users/vivmagarwal/miniconda3/envs/django/lib/python3.12/multiprocessing/__init__.py first seen with mtime 1728048743.9919193
File /Users/vivmagarwal/miniconda3/envs/django/lib/python3.12/site-packages/django/db/backends/sqlite3/introspection.py first seen with mtime 1724964536.144978
File /Users/vivmagarwal/miniconda3/envs/django/lib/python3.12/_osx_support.py first seen with mtime 1728048741.0331929
File /Users/vivmagarwal/miniconda3/envs/django/lib/python3.12/fractions.py first seen with mtime 1728048741.2493865
File /Users/vivmagarwal/miniconda3/envs/django/lib/python3.12/tokenize.py first seen with mtime 1728048741.6741717
File /Users/vivmagarwal/miniconda3/envs/django/lib/python3.12/site-packages/django/views/decorators/cache.py first seen with mtime 1724964536.1857445
File /Users/vivmagarwal/miniconda3/envs/django/lib/python3.12/collections/abc.py first seen with mtime 1728048741.947312
File /Users/vivmagarwal/miniconda3/envs/django/lib/python3.12/getpass.py first seen with mtime 1728048741.2764366
File /Users/vivmagarwal/miniconda3/envs/django/lib/python3.12/site-packages/django/db/models/sql/query.py first seen with mtime 1724964536.1553183
File /Users/vivmagarwal/miniconda3/envs/django/lib/python3.12/email/mime/message.py first seen with mtime 1728048742.2638085
File /Users/vivmagarwal/miniconda3/envs/django/lib/python3.12/re/_casefix.py first seen with mtime 1728048744.1452796
File /Users/vivmagarwal/miniconda3/envs/django/lib/python3.12/site-packages/_distutils_hack/__init__.py first seen with mtime 1726491207.0
File /Users/vivmagarwal/miniconda3/envs/django/lib/python3.12/site-packages/django/template/loader_tags.py first seen with mtime 1724964536.1741295
File /Users/vivmagarwal/miniconda3/envs/django/lib/python3.12/site-packages/django/db/models/fields/related.py first seen with mtime 1724964536.152864
File /Users/vivmagarwal/Desktop/VSCode/Django/storefront/movies/models.py first seen with mtime 1728481773.5883954
File /Users/vivmagarwal/miniconda3/envs/django/lib/python3.12/site-packages/sqlparse/filters/right_margin.py first seen with mtime 1699250122.2821927
File /Users/vivmagarwal/miniconda3/envs/django/lib/python3.12/site-packages/django/contrib/auth/signals.py first seen with mtime 1724964535.7978663
File /Users/vivmagarwal/miniconda3/envs/django/lib/python3.12/site-packages/sqlparse/utils.py first seen with mtime 1699250122.2808454
File /Users/vivmagarwal/miniconda3/envs/django/lib/python3.12/_compression.py first seen with mtime 1728048741.0232453
File /Users/vivmagarwal/miniconda3/envs/django/lib/python3.12/lib-dynload/_blake2.cpython-312-darwin.so first seen with mtime 1728048781.610205
File /Users/vivmagarwal/miniconda3/envs/django/lib/python3.12/site-packages/django/contrib/auth/__init__.py first seen with mtime 1724964535.7959912
File /Users/vivmagarwal/miniconda3/envs/django/lib/python3.12/site-packages/django/core/management/color.py first seen with mtime 1724964536.1315703
File /Users/vivmagarwal/miniconda3/envs/django/lib/python3.12/site-packages/django/views/generic/list.py first seen with mtime 1724964536.1873496
File /Users/vivmagarwal/miniconda3/envs/django/lib/python3.12/email/header.py first seen with mtime 1728048742.1892211
File /Users/vivmagarwal/miniconda3/envs/django/lib/python3.12/site-packages/django/core/checks/database.py first seen with mtime 1724964536.1261928
File /Users/vivmagarwal/miniconda3/envs/django/lib/python3.12/logging/config.py first seen with mtime 1728048743.9727879
File /Users/vivmagarwal/miniconda3/envs/django/lib/python3.12/site-packages/django/template/loaders/app_directories.py first seen with mtime 1724964536.1753526
File /Users/vivmagarwal/miniconda3/envs/django/lib/python3.12/copy.py first seen with mtime 1728048741.1873322
File /Users/vivmagarwal/miniconda3/envs/django/lib/python3.12/site-packages/django/core/handlers/__init__.py first seen with mtime 1724964536.1294496
File /Users/vivmagarwal/miniconda3/envs/django/lib/python3.12/site-packages/django/conf/locale/__init__.py first seen with mtime 1724964535.6025
File /Users/vivmagarwal/miniconda3/envs/django/lib/python3.12/site-packages/django/utils/timezone.py first seen with mtime 1724964536.1831374
File /Users/vivmagarwal/miniconda3/envs/django/lib/python3.12/site-packages/django/views/generic/edit.py first seen with mtime 1724964536.1872234
File /Users/vivmagarwal/miniconda3/envs/django/lib/python3.12/site-packages/django/contrib/sessions/models.py first seen with mtime 1724964536.054813
File /Users/vivmagarwal/miniconda3/envs/django/lib/python3.12/site-packages/django/core/checks/model_checks.py first seen with mtime 1724964536.1265328
File /Users/vivmagarwal/miniconda3/envs/django/lib/python3.12/site-packages/django/contrib/admin/exceptions.py first seen with mtime 1724964535.665132
File /Users/vivmagarwal/miniconda3/envs/django/lib/python3.12/site-packages/django/core/checks/templates.py first seen with mtime 1724964536.126751
File /Users/vivmagarwal/miniconda3/envs/django/lib/python3.12/site-packages/django/db/models/fields/generated.py first seen with mtime 1724964536.152234
File /Users/vivmagarwal/miniconda3/envs/django/lib/python3.12/site-packages/django/shortcuts.py first seen with mtime 1724964535.60057
File /Users/vivmagarwal/miniconda3/envs/django/lib/python3.12/site-packages/django/db/migrations/operations/__init__.py first seen with mtime 1724964536.1481621
File /Users/vivmagarwal/miniconda3/envs/django/lib/python3.12/site-packages/django/views/generic/detail.py first seen with mtime 1724964536.1871016
File /Users/vivmagarwal/miniconda3/envs/django/lib/python3.12/site-packages/django/core/checks/security/base.py first seen with mtime 1724964536.1274195
File /Users/vivmagarwal/miniconda3/envs/django/lib/python3.12/pickle.py first seen with mtime 1728048741.4243295
File /Users/vivmagarwal/miniconda3/envs/django/lib/python3.12/site-packages/django/template/loaders/cached.py first seen with mtime 1724964536.1755643
File /Users/vivmagarwal/miniconda3/envs/django/lib/python3.12/asyncio/runners.py first seen with mtime 1728048741.8628192
File /Users/vivmagarwal/miniconda3/envs/django/lib/python3.12/logging/handlers.py first seen with mtime 1728048743.9788544
File /Users/vivmagarwal/miniconda3/envs/django/lib/python3.12/site-packages/django/contrib/admin/__init__.py first seen with mtime 1724964535.6644301
File /Users/vivmagarwal/miniconda3/envs/django/lib/python3.12/secrets.py first seen with mtime 1728048741.5261273
File /Users/vivmagarwal/miniconda3/envs/django/lib/python3.12/decimal.py first seen with mtime 1728048741.2124972
File /Users/vivmagarwal/miniconda3/envs/django/lib/python3.12/email/_policybase.py first seen with mtime 1728048742.1475446
File /Users/vivmagarwal/miniconda3/envs/django/lib/python3.12/site-packages/django/templatetags/cache.py first seen with mtime 1724964536.17598
File /Users/vivmagarwal/miniconda3/envs/django/lib/python3.12/wsgiref/util.py first seen with mtime 1728048744.5934978
File /Users/vivmagarwal/miniconda3/envs/django/lib/python3.12/site-packages/django/db/backends/sqlite3/_functions.py first seen with mtime 1724964536.144332
File /Users/vivmagarwal/miniconda3/envs/django/lib/python3.12/logging/__init__.py first seen with mtime 1728048743.9665709
File /Users/vivmagarwal/miniconda3/envs/django/lib/python3.12/quopri.py first seen with mtime 1728048741.4963365
File /Users/vivmagarwal/miniconda3/envs/django/lib/python3.12/site-packages/django/contrib/admin/templatetags/__init__.py first seen with mtime 1724964535.7589777
File /Users/vivmagarwal/miniconda3/envs/django/lib/python3.12/site-packages/django/contrib/staticfiles/finders.py first seen with mtime 1724964536.1213698
File /Users/vivmagarwal/miniconda3/envs/django/lib/python3.12/site-packages/django/contrib/contenttypes/views.py first seen with mtime 1724964535.84171
File /Users/vivmagarwal/miniconda3/envs/django/lib/python3.12/site-packages/django/db/backends/base/operations.py first seen with mtime 1724964536.1389203
File /Users/vivmagarwal/miniconda3/envs/django/lib/python3.12/site-packages/django/template/autoreload.py first seen with mtime 1724964536.1726518
File /Users/vivmagarwal/miniconda3/envs/django/lib/python3.12/site-packages/django/templatetags/__init__.py first seen with mtime 1724964536.1758645
File /Users/vivmagarwal/miniconda3/envs/django/lib/python3.12/asyncio/selector_events.py first seen with mtime 1728048741.8681355
File /Users/vivmagarwal/miniconda3/envs/django/lib/python3.12/site-packages/django/db/transaction.py first seen with mtime 1724964536.1364052
File /Users/vivmagarwal/miniconda3/envs/django/lib/python3.12/site-packages/django/db/backends/sqlite3/__init__.py first seen with mtime 1724964536.144171
File /Users/vivmagarwal/miniconda3/envs/django/lib/python3.12/lib-dynload/_asyncio.cpython-312-darwin.so first seen with mtime 1728048782.2364178
File /Users/vivmagarwal/miniconda3/envs/django/lib/python3.12/_sysconfigdata__darwin_darwin.py first seen with mtime 1728476572.9160802
File /Users/vivmagarwal/miniconda3/envs/django/lib/python3.12/site-packages/sqlparse/engine/__init__.py first seen with mtime 1699250122.281001
File /Users/vivmagarwal/miniconda3/envs/django/lib/python3.12/site-packages/django/utils/__init__.py first seen with mtime 1724964536.1787446
File /Users/vivmagarwal/Desktop/VSCode/Django/storefront/manage.py first seen with mtime 1728476722.513142
File /Users/vivmagarwal/miniconda3/envs/django/lib/python3.12/site-packages/sqlparse/engine/filter_stack.py first seen with mtime 1699250122.2811189
File /Users/vivmagarwal/miniconda3/envs/django/lib/python3.12/asyncio/sslproto.py first seen with mtime 1728048741.8739564
File /Users/vivmagarwal/miniconda3/envs/django/lib/python3.12/graphlib.py first seen with mtime 1728048741.2900398
File /Users/vivmagarwal/miniconda3/envs/django/lib/python3.12/lib-dynload/unicodedata.cpython-312-darwin.so first seen with mtime 1728048787.0631814
File /Users/vivmagarwal/miniconda3/envs/django/lib/python3.12/site-packages/django/contrib/admin/templatetags/admin_list.py first seen with mtime 1724964535.7591326
File /Users/vivmagarwal/miniconda3/envs/django/lib/python3.12/site-packages/django/views/generic/__init__.py first seen with mtime 1724964536.186695
File /Users/vivmagarwal/miniconda3/envs/django/lib/python3.12/site-packages/django/template/response.py first seen with mtime 1724964536.1742408
File /Users/vivmagarwal/miniconda3/envs/django/lib/python3.12/site-packages/django/contrib/admin/options.py first seen with mtime 1724964535.665985
File /Users/vivmagarwal/miniconda3/envs/django/lib/python3.12/site-packages/django/contrib/contenttypes/forms.py first seen with mtime 1724964535.8406324
File /Users/vivmagarwal/miniconda3/envs/django/lib/python3.12/re/__init__.py first seen with mtime 1728048744.1400704
File /Users/vivmagarwal/miniconda3/envs/django/lib/python3.12/site-packages/django/db/backends/ddl_references.py first seen with mtime 1724964536.1367455
File /Users/vivmagarwal/miniconda3/envs/django/lib/python3.12/site-packages/django/views/generic/dates.py first seen with mtime 1724964536.1869757
File /Users/vivmagarwal/miniconda3/envs/django/lib/python3.12/platform.py first seen with mtime 1728048741.4413748
File /Users/vivmagarwal/miniconda3/envs/django/lib/python3.12/site-packages/django/db/backends/base/creation.py first seen with mtime 1724964536.1384635
File /Users/vivmagarwal/miniconda3/envs/django/lib/python3.12/site-packages/django/templatetags/tz.py first seen with mtime 1724964536.1764429
File /Users/vivmagarwal/miniconda3/envs/django/lib/python3.12/concurrent/futures/thread.py first seen with mtime 1728048741.9861755
File /Users/vivmagarwal/miniconda3/envs/django/lib/python3.12/selectors.py first seen with mtime 1728048741.5301113
File /Users/vivmagarwal/miniconda3/envs/django/lib/python3.12/site-packages/django/core/files/utils.py first seen with mtime 1724964536.128648
File /Users/vivmagarwal/miniconda3/envs/django/lib/python3.12/site-packages/django/db/migrations/__init__.py first seen with mtime 1724964536.1454225
File /Users/vivmagarwal/miniconda3/envs/django/lib/python3.12/asyncio/format_helpers.py first seen with mtime 1728048741.8235502
File /Users/vivmagarwal/miniconda3/envs/django/lib/python3.12/re/_constants.py first seen with mtime 1728048744.1533782
File /Users/vivmagarwal/miniconda3/envs/django/lib/python3.12/site-packages/django/db/models/query.py first seen with mtime 1724964536.1511707
File /Users/vivmagarwal/miniconda3/envs/django/lib/python3.12/email/_header_value_parser.py first seen with mtime 1728048742.1378436
File /Users/vivmagarwal/miniconda3/envs/django/lib/python3.12/site-packages/django/core/files/storage/base.py first seen with mtime 1724964536.1289055
File /Users/vivmagarwal/miniconda3/envs/django/lib/python3.12/site-packages/django/contrib/auth/decorators.py first seen with mtime 1724964535.7969656
File /Users/vivmagarwal/miniconda3/envs/django/lib/python3.12/site-packages/django/contrib/contenttypes/apps.py first seen with mtime 1724964535.840259
File /Users/vivmagarwal/miniconda3/envs/django/lib/python3.12/site-packages/django/core/signals.py first seen with mtime 1724964536.124118
File /Users/vivmagarwal/miniconda3/envs/django/lib/python3.12/site-packages/django/db/backends/__init__.py first seen with mtime 1724964536.1366217
File /Users/vivmagarwal/miniconda3/envs/django/lib/python3.12/hashlib.py first seen with mtime 1728048741.297644
File /Users/vivmagarwal/miniconda3/envs/django/lib/python3.12/site-packages/django/urls/__init__.py first seen with mtime 1724964536.1779387
File /Users/vivmagarwal/miniconda3/envs/django/lib/python3.12/bz2.py first seen with mtime 1728048741.111561
File /Users/vivmagarwal/miniconda3/envs/django/lib/python3.12/reprlib.py first seen with mtime 1728048741.506311
File /Users/vivmagarwal/miniconda3/envs/django/lib/python3.12/site-packages/django/contrib/messages/constants.py first seen with mtime 1724964535.9907944
File /Users/vivmagarwal/miniconda3/envs/django/lib/python3.12/site-packages/django/views/i18n.py first seen with mtime 1724964536.185398
File /Users/vivmagarwal/miniconda3/envs/django/lib/python3.12/site-packages/django/apps/registry.py first seen with mtime 1724964535.601105
File /Users/vivmagarwal/miniconda3/envs/django/lib/python3.12/site-packages/django/contrib/auth/tokens.py first seen with mtime 1724964535.7979794
File /Users/vivmagarwal/miniconda3/envs/django/lib/python3.12/site-packages/django/db/models/fields/reverse_related.py first seen with mtime 1724964536.153379
File /Users/vivmagarwal/miniconda3/envs/django/lib/python3.12/lib-dynload/_sqlite3.cpython-312-darwin.so first seen with mtime 1728048784.3926454
File /Users/vivmagarwal/miniconda3/envs/django/lib/python3.12/fnmatch.py first seen with mtime 1728048741.2447114
File /Users/vivmagarwal/miniconda3/envs/django/lib/python3.12/site-packages/django/core/cache/backends/locmem.py first seen with mtime 1724964536.1254928
File /Users/vivmagarwal/miniconda3/envs/django/lib/python3.12/site-packages/django/utils/deconstruct.py first seen with mtime 1724964536.180283
File /Users/vivmagarwal/miniconda3/envs/django/lib/python3.12/contextlib.py first seen with mtime 1728048741.1796505
File /Users/vivmagarwal/miniconda3/envs/django/lib/python3.12/site-packages/django/core/handlers/asgi.py first seen with mtime 1724964536.1295946
File /Users/vivmagarwal/miniconda3/envs/django/lib/python3.12/asyncio/taskgroups.py first seen with mtime 1728048741.898519
File /Users/vivmagarwal/miniconda3/envs/django/lib/python3.12/email/base64mime.py first seen with mtime 1728048742.15805
File /Users/vivmagarwal/miniconda3/envs/django/lib/python3.12/site-packages/django/views/decorators/csrf.py first seen with mtime 1724964536.186073
File /Users/vivmagarwal/miniconda3/envs/django/lib/python3.12/site-packages/django/utils/regex_helper.py first seen with mtime 1724964536.1825361
File /Users/vivmagarwal/miniconda3/envs/django/lib/python3.12/site-packages/django/contrib/messages/apps.py first seen with mtime 1724964535.9906979
File /Users/vivmagarwal/miniconda3/envs/django/lib/python3.12/lib-dynload/_sha2.cpython-312-darwin.so first seen with mtime 1728048779.5446305
File /Users/vivmagarwal/miniconda3/envs/django/lib/python3.12/argparse.py first seen with mtime 1728048741.0866213
File /Users/vivmagarwal/miniconda3/envs/django/lib/python3.12/site-packages/django/utils/hashable.py first seen with mtime 1724964536.1812177
File /Users/vivmagarwal/miniconda3/envs/django/lib/python3.12/site-packages/django/forms/widgets.py first seen with mtime 1724964536.1581697
File /Users/vivmagarwal/miniconda3/envs/django/lib/python3.12/site-packages/django/forms/models.py first seen with mtime 1724964536.1577263
File /Users/vivmagarwal/miniconda3/envs/django/lib/python3.12/re/_compiler.py first seen with mtime 1728048744.149182
File /Users/vivmagarwal/miniconda3/envs/django/lib/python3.12/site-packages/django/db/models/base.py first seen with mtime 1724964536.1493485
File /Users/vivmagarwal/miniconda3/envs/django/lib/python3.12/site-packages/django/utils/version.py first seen with mtime 1724964536.183604
File /Users/vivmagarwal/miniconda3/envs/django/lib/python3.12/ssl.py first seen with mtime 1728048741.583967
File /Users/vivmagarwal/miniconda3/envs/django/lib/python3.12/asyncio/exceptions.py first seen with mtime 1728048741.819532
File /Users/vivmagarwal/miniconda3/envs/django/lib/python3.12/string.py first seen with mtime 1728048741.5959334
File /Users/vivmagarwal/miniconda3/envs/django/lib/python3.12/site-packages/django/core/serializers/__init__.py first seen with mtime 1724964536.13521
File /Users/vivmagarwal/miniconda3/envs/django/lib/python3.12/email/policy.py first seen with mtime 1728048742.2125196
File /Users/vivmagarwal/miniconda3/envs/django/lib/python3.12/site-packages/django/core/signing.py first seen with mtime 1724964536.12425
File /Users/vivmagarwal/miniconda3/envs/django/lib/python3.12/site-packages/django/template/backends/__init__.py first seen with mtime 1724964536.1745799
File /Users/vivmagarwal/miniconda3/envs/django/lib/python3.12/asyncio/base_subprocess.py first seen with mtime 1728048741.795429
File /Users/vivmagarwal/miniconda3/envs/django/lib/python3.12/site-packages/django/db/backends/base/base.py first seen with mtime 1724964536.1381853
File /Users/vivmagarwal/miniconda3/envs/django/lib/python3.12/site-packages/django/forms/__init__.py first seen with mtime 1724964536.1567829
File /Users/vivmagarwal/miniconda3/envs/django/lib/python3.12/site-packages/django/utils/lorem_ipsum.py first seen with mtime 1724964536.1821845
File /Users/vivmagarwal/miniconda3/envs/django/lib/python3.12/queue.py first seen with mtime 1728048741.4911547
File /Users/vivmagarwal/miniconda3/envs/django/lib/python3.12/urllib/parse.py first seen with mtime 1728048744.4881332
File /Users/vivmagarwal/miniconda3/envs/django/lib/python3.12/site-packages/django/contrib/admin/models.py first seen with mtime 1724964535.6656623
File /Users/vivmagarwal/miniconda3/envs/django/lib/python3.12/site-packages/django/urls/converters.py first seen with mtime 1724964536.1782675
File /Users/vivmagarwal/miniconda3/envs/django/lib/python3.12/site-packages/django/core/files/locks.py first seen with mtime 1724964536.1280918
File /Users/vivmagarwal/miniconda3/envs/django/lib/python3.12/site-packages/sqlparse/filters/output.py first seen with mtime 1699250122.2819264
File /Users/vivmagarwal/miniconda3/envs/django/lib/python3.12/encodings/utf_8_sig.py first seen with mtime 1728048742.8716815
File /Users/vivmagarwal/miniconda3/envs/django/lib/python3.12/site-packages/django/template/loader.py first seen with mtime 1724964536.1739953
File /Users/vivmagarwal/miniconda3/envs/django/lib/python3.12/site-packages/django/contrib/sessions/__init__.py first seen with mtime 1724964536.05428
File /Users/vivmagarwal/miniconda3/envs/django/lib/python3.12/site-packages/django/core/checks/messages.py first seen with mtime 1724964536.126401
File /Users/vivmagarwal/miniconda3/envs/django/lib/python3.12/site-packages/django/db/backends/sqlite3/client.py first seen with mtime 1724964536.1445854
File /Users/vivmagarwal/miniconda3/envs/django/lib/python3.12/site-packages/django/middleware/csrf.py first seen with mtime 1724964536.1715782
File /Users/vivmagarwal/miniconda3/envs/django/lib/python3.12/site-packages/django/db/__init__.py first seen with mtime 1724964536.136283
File /Users/vivmagarwal/miniconda3/envs/django/lib/python3.12/site-packages/django/core/paginator.py first seen with mtime 1724964536.1240127
File /Users/vivmagarwal/miniconda3/envs/django/lib/python3.12/site-packages/django/template/exceptions.py first seen with mtime 1724964536.1737528
File /Users/vivmagarwal/miniconda3/envs/django/lib/python3.12/site-packages/django/contrib/admin/helpers.py first seen with mtime 1724964535.665538
File /Users/vivmagarwal/miniconda3/envs/django/lib/python3.12/site-packages/django/contrib/staticfiles/apps.py first seen with mtime 1724964536.12112
File /Users/vivmagarwal/miniconda3/envs/django/lib/python3.12/site-packages/django/utils/ipv6.py first seen with mtime 1724964536.1817238
File /Users/vivmagarwal/miniconda3/envs/django/lib/python3.12/site-packages/django/template/loaders/__init__.py first seen with mtime 1724964536.1752408
File /Users/vivmagarwal/miniconda3/envs/django/lib/python3.12/site-packages/sqlparse/filters/tokens.py first seen with mtime 1699250122.2823193
File /Users/vivmagarwal/miniconda3/envs/django/lib/python3.12/site-packages/django/db/models/fields/__init__.py first seen with mtime 1724964536.151941
File /Users/vivmagarwal/miniconda3/envs/django/lib/python3.12/email/parser.py first seen with mtime 1728048742.2081058
File /Users/vivmagarwal/miniconda3/envs/django/lib/python3.12/site-packages/django/db/models/__init__.py first seen with mtime 1724964536.1488945
File /Users/vivmagarwal/miniconda3/envs/django/lib/python3.12/keyword.py first seen with mtime 1728048741.3313313
File /Users/vivmagarwal/miniconda3/envs/django/lib/python3.12/site-packages/django/db/backends/base/introspection.py first seen with mtime 1724964536.138744
File /Users/vivmagarwal/miniconda3/envs/django/lib/python3.12/lib-dynload/zlib.cpython-312-darwin.so first seen with mtime 1728048784.8212602
File /Users/vivmagarwal/miniconda3/envs/django/lib/python3.12/site-packages/django/core/files/storage/__init__.py first seen with mtime 1724964536.128789
File /Users/vivmagarwal/miniconda3/envs/django/lib/python3.12/site-packages/django/http/response.py first seen with mtime 1724964536.1706104
File /Users/vivmagarwal/miniconda3/envs/django/lib/python3.12/lib-dynload/math.cpython-312-darwin.so first seen with mtime 1728048783.4505367
File /Users/vivmagarwal/miniconda3/envs/django/lib/python3.12/zoneinfo/_common.py first seen with mtime 1728048744.816632
File /Users/vivmagarwal/miniconda3/envs/django/lib/python3.12/site-packages/django/apps/__init__.py first seen with mtime 1724964535.6007605
File /Users/vivmagarwal/miniconda3/envs/django/lib/python3.12/site-packages/django/contrib/sites/__init__.py first seen with mtime 1724964536.088518
File /Users/vivmagarwal/miniconda3/envs/django/lib/python3.12/site-packages/sqlparse/engine/statement_splitter.py first seen with mtime 1699250122.2814062
File /Users/vivmagarwal/miniconda3/envs/django/lib/python3.12/email/mime/multipart.py first seen with mtime 1728048742.268854
File /Users/vivmagarwal/Desktop/VSCode/Django/storefront/playground/apps.py first seen with mtime 1728477579.9887984
File /Users/vivmagarwal/miniconda3/envs/django/lib/python3.12/asyncio/__init__.py first seen with mtime 1728048741.77788
File /Users/vivmagarwal/miniconda3/envs/django/lib/python3.12/_markupbase.py first seen with mtime 1728048741.0284407
File /Users/vivmagarwal/miniconda3/envs/django/lib/python3.12/html/__init__.py first seen with mtime 1728048742.928571
File /Users/vivmagarwal/miniconda3/envs/django/lib/python3.12/site-packages/django/template/__init__.py first seen with mtime 1724964536.172539
File /Users/vivmagarwal/miniconda3/envs/django/lib/python3.12/site-packages/django/contrib/admin/apps.py first seen with mtime 1724964535.6646824
File /Users/vivmagarwal/miniconda3/envs/django/lib/python3.12/functools.py first seen with mtime 1728048741.2606413
File /Users/vivmagarwal/miniconda3/envs/django/lib/python3.12/random.py first seen with mtime 1728048741.5013776
File /Users/vivmagarwal/miniconda3/envs/django/lib/python3.12/email/feedparser.py first seen with mtime 1728048742.1803071
File /Users/vivmagarwal/miniconda3/envs/django/lib/python3.12/email/__init__.py first seen with mtime 1728048742.1269462
File /Users/vivmagarwal/miniconda3/envs/django/lib/python3.12/lib-dynload/_opcode.cpython-312-darwin.so first seen with mtime 1728048781.0356467
File /Users/vivmagarwal/miniconda3/envs/django/lib/python3.12/site-packages/django/contrib/contenttypes/management/__init__.py first seen with mtime 1724964535.8725195
File /Users/vivmagarwal/miniconda3/envs/django/lib/python3.12/locale.py first seen with mtime 1728048741.3397293
File /Users/vivmagarwal/miniconda3/envs/django/lib/python3.12/asyncio/constants.py first seen with mtime 1728048741.8038049
File /Users/vivmagarwal/miniconda3/envs/django/lib/python3.12/lib-dynload/_ssl.cpython-312-darwin.so first seen with mtime 1728048785.8676093
File /Users/vivmagarwal/miniconda3/envs/django/lib/python3.12/site-packages/django/contrib/admin/templatetags/log.py first seen with mtime 1724964535.7595534
File /Users/vivmagarwal/miniconda3/envs/django/lib/python3.12/site-packages/django/utils/decorators.py first seen with mtime 1724964536.1803951
File /Users/vivmagarwal/miniconda3/envs/django/lib/python3.12/dataclasses.py first seen with mtime 1728048741.2042878
File /Users/vivmagarwal/miniconda3/envs/django/lib/python3.12/ipaddress.py first seen with mtime 1728048741.3263474
File /Users/vivmagarwal/miniconda3/envs/django/lib/python3.12/site-packages/django/db/models/functions/comparison.py first seen with mtime 1724964536.1536582
File /Users/vivmagarwal/miniconda3/envs/django/lib/python3.12/site-packages/django/contrib/admin/views/autocomplete.py first seen with mtime 1724964535.7597828
File /Users/vivmagarwal/Desktop/VSCode/Django/storefront/movies/apps.py first seen with mtime 1728478134.1831055
File /Users/vivmagarwal/miniconda3/envs/django/lib/python3.12/site-packages/django/dispatch/dispatcher.py first seen with mtime 1724964536.156141
File /Users/vivmagarwal/miniconda3/envs/django/lib/python3.12/site-packages/django/utils/dates.py first seen with mtime 1724964536.18018
File /Users/vivmagarwal/miniconda3/envs/django/lib/python3.12/site-packages/django/contrib/staticfiles/management/commands/__init__.py first seen with mtime 1724964536.12282
File /Users/vivmagarwal/miniconda3/envs/django/lib/python3.12/asyncio/locks.py first seen with mtime 1728048741.8316684
File /Users/vivmagarwal/miniconda3/envs/django/lib/python3.12/site-packages/sqlparse/engine/grouping.py first seen with mtime 1699250122.2812748
File /Users/vivmagarwal/miniconda3/envs/django/lib/python3.12/site-packages/sqlparse/keywords.py first seen with mtime 1699250122.2802482
File /Users/vivmagarwal/miniconda3/envs/django/lib/python3.12/site-packages/django/utils/termcolors.py first seen with mtime 1724964536.1827521
File /Users/vivmagarwal/Desktop/VSCode/Django/storefront/playground/models.py first seen with mtime 1728477579.9891512
File /Users/vivmagarwal/miniconda3/envs/django/lib/python3.12/pprint.py first seen with mtime 1728048741.457478
File /Users/vivmagarwal/miniconda3/envs/django/lib/python3.12/lib-dynload/_zoneinfo.cpython-312-darwin.so first seen with mtime 1728048779.4469738
File /Users/vivmagarwal/miniconda3/envs/django/lib/python3.12/site-packages/django/contrib/staticfiles/views.py first seen with mtime 1724964536.1226084
File /Users/vivmagarwal/miniconda3/envs/django/lib/python3.12/site-packages/django/utils/module_loading.py first seen with mtime 1724964536.1822927
File /Users/vivmagarwal/miniconda3/envs/django/lib/python3.12/site-packages/sqlparse/filters/aligned_indent.py first seen with mtime 1699250122.2816827
File /Users/vivmagarwal/miniconda3/envs/django/lib/python3.12/email/contentmanager.py first seen with mtime 1728048742.167401
File /Users/vivmagarwal/miniconda3/envs/django/lib/python3.12/token.py first seen with mtime 1728048741.6697161
File /Users/vivmagarwal/miniconda3/envs/django/lib/python3.12/site-packages/django/db/migrations/operations/models.py first seen with mtime 1724964536.148594
File /Users/vivmagarwal/miniconda3/envs/django/lib/python3.12/wsgiref/handlers.py first seen with mtime 1728048744.5712187
File /Users/vivmagarwal/miniconda3/envs/django/lib/python3.12/site-packages/django/core/handlers/exception.py first seen with mtime 1724964536.1298413
File /Users/vivmagarwal/miniconda3/envs/django/lib/python3.12/email/mime/base.py first seen with mtime 1728048742.2518666
File /Users/vivmagarwal/miniconda3/envs/django/lib/python3.12/site-packages/django/template/loaders/filesystem.py first seen with mtime 1724964536.1756668
File /Users/vivmagarwal/miniconda3/envs/django/lib/python3.12/collections/__init__.py first seen with mtime 1728048741.9431
File /Users/vivmagarwal/Desktop/VSCode/Django/storefront/movies/__init__.py first seen with mtime 1728478134.1819253
File /Users/vivmagarwal/miniconda3/envs/django/lib/python3.12/lib-dynload/_hashlib.cpython-312-darwin.so first seen with mtime 1728048781.9262078
File /Users/vivmagarwal/miniconda3/envs/django/lib/python3.12/site-packages/django/utils/http.py first seen with mtime 1724964536.1815176
File /Users/vivmagarwal/miniconda3/envs/django/lib/python3.12/concurrent/futures/_base.py first seen with mtime 1728048741.9745643
File /Users/vivmagarwal/miniconda3/envs/django/lib/python3.12/site-packages/django/core/checks/__init__.py first seen with mtime 1724964536.1258738
File /Users/vivmagarwal/miniconda3/envs/django/lib/python3.12/site-packages/django/template/defaulttags.py first seen with mtime 1724964536.173513
File /Users/vivmagarwal/miniconda3/envs/django/lib/python3.12/json/encoder.py first seen with mtime 1728048743.5768294
File /Users/vivmagarwal/miniconda3/envs/django/lib/python3.12/site-packages/django/contrib/staticfiles/management/commands/runserver.py first seen with mtime 1724964536.123191
File /Users/vivmagarwal/miniconda3/envs/django/lib/python3.12/site-packages/django/core/cache/backends/base.py first seen with mtime 1724964536.1250134
File /Users/vivmagarwal/miniconda3/envs/django/lib/python3.12/numbers.py first seen with mtime 1728048741.3909762
File /Users/vivmagarwal/miniconda3/envs/django/lib/python3.12/site-packages/django/core/files/storage/handler.py first seen with mtime 1724964536.1291294
File /Users/vivmagarwal/miniconda3/envs/django/lib/python3.12/lib-dynload/_queue.cpython-312-darwin.so first seen with mtime 1728048785.2942557
File /Users/vivmagarwal/miniconda3/envs/django/lib/python3.12/site-packages/django/utils/choices.py first seen with mtime 1724964536.1794872
File /Users/vivmagarwal/miniconda3/envs/django/lib/python3.12/site-packages/django/views/static.py first seen with mtime 1724964536.1855237
File /Users/vivmagarwal/miniconda3/envs/django/lib/python3.12/site-packages/django/utils/safestring.py first seen with mtime 1724964536.1826382
File /Users/vivmagarwal/miniconda3/envs/django/lib/python3.12/site-packages/django/db/backends/base/client.py first seen with mtime 1724964536.1383126
File /Users/vivmagarwal/miniconda3/envs/django/lib/python3.12/site-packages/django/db/models/fields/proxy.py first seen with mtime 1724964536.1526074
File /Users/vivmagarwal/miniconda3/envs/django/lib/python3.12/email/errors.py first seen with mtime 1728048742.1760526
File /Users/vivmagarwal/miniconda3/envs/django/lib/python3.12/site-packages/django/utils/timesince.py first seen with mtime 1724964536.1830163
File /Users/vivmagarwal/miniconda3/envs/django/lib/python3.12/site-packages/django/forms/fields.py first seen with mtime 1724964536.1571605
File /Users/vivmagarwal/miniconda3/envs/django/lib/python3.12/site-packages/django/utils/autoreload.py first seen with mtime 1724964536.179238
File /Users/vivmagarwal/miniconda3/envs/django/lib/python3.12/glob.py first seen with mtime 1728048741.2846239
File /Users/vivmagarwal/miniconda3/envs/django/lib/python3.12/wsgiref/__init__.py first seen with mtime 1728048744.5670495
File /Users/vivmagarwal/miniconda3/envs/django/lib/python3.12/statistics.py first seen with mtime 1728048741.592167
File /Users/vivmagarwal/miniconda3/envs/django/lib/python3.12/site-packages/sqlparse/exceptions.py first seen with mtime 1699250122.2799158
File /Users/vivmagarwal/miniconda3/envs/django/lib/python3.12/site-packages/django/core/wsgi.py first seen with mtime 1724964536.1245162
File /Users/vivmagarwal/miniconda3/envs/django/lib/python3.12/asyncio/unix_events.py first seen with mtime 1728048741.9231656
File /Users/vivmagarwal/miniconda3/envs/django/lib/python3.12/signal.py first seen with mtime 1728048741.5471077
File /Users/vivmagarwal/miniconda3/envs/django/lib/python3.12/asyncio/trsock.py first seen with mtime 1728048741.919095
File /Users/vivmagarwal/miniconda3/envs/django/lib/python3.12/site-packages/django/contrib/auth/backends.py first seen with mtime 1724964535.7963433
File /Users/vivmagarwal/miniconda3/envs/django/lib/python3.12/site-packages/django/contrib/admin/filters.py first seen with mtime 1724964535.6652858
File /Users/vivmagarwal/miniconda3/envs/django/lib/python3.12/sqlite3/__init__.py first seen with mtime 1728048744.1779976
File /Users/vivmagarwal/miniconda3/envs/django/lib/python3.12/email/_encoded_words.py first seen with mtime 1728048742.1317916
File /Users/vivmagarwal/miniconda3/envs/django/lib/python3.12/lib-dynload/_random.cpython-312-darwin.so first seen with mtime 1728048783.255536
File /Users/vivmagarwal/miniconda3/envs/django/lib/python3.12/site-packages/django/template/library.py first seen with mtime 1724964536.173887
File /Users/vivmagarwal/miniconda3/envs/django/lib/python3.12/threading.py first seen with mtime 1728048741.661732
File /Users/vivmagarwal/miniconda3/envs/django/lib/python3.12/site-packages/django/core/checks/compatibility/django_4_0.py first seen with mtime 1724964536.1271946
File /Users/vivmagarwal/miniconda3/envs/django/lib/python3.12/site-packages/django/utils/dateformat.py first seen with mtime 1724964536.1799557
File /Users/vivmagarwal/miniconda3/envs/django/lib/python3.12/site-packages/django/core/mail/__init__.py first seen with mtime 1724964536.1301134
File /Users/vivmagarwal/miniconda3/envs/django/lib/python3.12/multiprocessing/reduction.py first seen with mtime 1728048744.0582361
File /Users/vivmagarwal/miniconda3/envs/django/lib/python3.12/site-packages/django/db/models/functions/window.py first seen with mtime 1724964536.154244
File /Users/vivmagarwal/miniconda3/envs/django/lib/python3.12/subprocess.py first seen with mtime 1728048741.613424
File /Users/vivmagarwal/miniconda3/envs/django/lib/python3.12/mimetypes.py first seen with mtime 1728048741.3583732
File /Users/vivmagarwal/miniconda3/envs/django/lib/python3.12/site-packages/django/contrib/sessions/middleware.py first seen with mtime 1724964536.054707
File /Users/vivmagarwal/miniconda3/envs/django/lib/python3.12/site-packages/django/contrib/contenttypes/__init__.py first seen with mtime 1724964535.8400342
File /Users/vivmagarwal/miniconda3/envs/django/lib/python3.12/site-packages/sqlparse/__init__.py first seen with mtime 1699250122.279424
File /Users/vivmagarwal/miniconda3/envs/django/lib/python3.12/copyreg.py first seen with mtime 1728048741.1922033
File /Users/vivmagarwal/miniconda3/envs/django/lib/python3.12/site-packages/django/db/models/indexes.py first seen with mtime 1724964536.1503038
File /Users/vivmagarwal/miniconda3/envs/django/lib/python3.12/email/charset.py first seen with mtime 1728048742.1621149
File /Users/vivmagarwal/Desktop/VSCode/Django/storefront/movies/views.py first seen with mtime 1728520302.4858243
File /Users/vivmagarwal/miniconda3/envs/django/lib/python3.12/difflib.py first seen with mtime 1728048741.2164242
File /Users/vivmagarwal/miniconda3/envs/django/lib/python3.12/site-packages/django/core/files/uploadhandler.py first seen with mtime 1724964536.12854
File /Users/vivmagarwal/miniconda3/envs/django/lib/python3.12/site-packages/django/db/models/enums.py first seen with mtime 1724964536.1499083
File /Users/vivmagarwal/miniconda3/envs/django/lib/python3.12/site-packages/django/contrib/auth/management/__init__.py first seen with mtime 1724964535.8370736
File /Users/vivmagarwal/miniconda3/envs/django/lib/python3.12/site-packages/django/contrib/sessions/apps.py first seen with mtime 1724964536.0543916
File /Users/vivmagarwal/miniconda3/envs/django/lib/python3.12/site-packages/django/db/models/aggregates.py first seen with mtime 1724964536.1490178
File /Users/vivmagarwal/miniconda3/envs/django/lib/python3.12/http/__init__.py first seen with mtime 1728048742.9495633
File /Users/vivmagarwal/miniconda3/envs/django/lib/python3.12/zoneinfo/_tzpath.py first seen with mtime 1728048744.8208067
File /Users/vivmagarwal/miniconda3/envs/django/lib/python3.12/site-packages/django/contrib/admin/checks.py first seen with mtime 1724964535.6648889
File /Users/vivmagarwal/miniconda3/envs/django/lib/python3.12/http/cookies.py first seen with mtime 1728048742.9623692
File /Users/vivmagarwal/miniconda3/envs/django/lib/python3.12/site-packages/sqlparse/cli.py first seen with mtime 1699250122.279734
File /Users/vivmagarwal/miniconda3/envs/django/lib/python3.12/gettext.py first seen with mtime 1728048741.2805953
File /Users/vivmagarwal/miniconda3/envs/django/lib/python3.12/site-packages/django/core/checks/security/csrf.py first seen with mtime 1724964536.1275282
File /Users/vivmagarwal/miniconda3/envs/django/lib/python3.12/site-packages/django/templatetags/static.py first seen with mtime 1724964536.1763306
File /Users/vivmagarwal/miniconda3/envs/django/lib/python3.12/concurrent/futures/__init__.py first seen with mtime 1728048741.9691424
File /Users/vivmagarwal/miniconda3/envs/django/lib/python3.12/site-packages/django/utils/deprecation.py first seen with mtime 1724964536.1805031
File /Users/vivmagarwal/miniconda3/envs/django/lib/python3.12/site-packages/django/core/checks/security/sessions.py first seen with mtime 1724964536.1276274
File /Users/vivmagarwal/miniconda3/envs/django/lib/python3.12/ast.py first seen with mtime 1728048741.0913653
File /Users/vivmagarwal/miniconda3/envs/django/lib/python3.12/site-packages/sqlparse/sql.py first seen with mtime 1699250122.2805915
File /Users/vivmagarwal/miniconda3/envs/django/lib/python3.12/site-packages/django/db/backends/sqlite3/creation.py first seen with mtime 1724964536.1447084
File /Users/vivmagarwal/miniconda3/envs/django/lib/python3.12/wsgiref/simple_server.py first seen with mtime 1728048744.5812294
File /Users/vivmagarwal/miniconda3/envs/django/lib/python3.12/site-packages/django/template/defaultfilters.py first seen with mtime 1724964536.1732771
File /Users/vivmagarwal/miniconda3/envs/django/lib/python3.12/zoneinfo/__init__.py first seen with mtime 1728048744.812606
File /Users/vivmagarwal/Desktop/VSCode/Django/storefront/movies/admin.py first seen with mtime 1728482584.3362346
File /Users/vivmagarwal/miniconda3/envs/django/lib/python3.12/site-packages/django/core/files/storage/filesystem.py first seen with mtime 1724964536.1290278
File /Users/vivmagarwal/miniconda3/envs/django/lib/python3.12/site-packages/django/db/models/query_utils.py first seen with mtime 1724964536.1513758
File /Users/vivmagarwal/miniconda3/envs/django/lib/python3.12/site-packages/django/forms/boundfield.py first seen with mtime 1724964536.1569426
File /Users/vivmagarwal/miniconda3/envs/django/lib/python3.12/sysconfig.py first seen with mtime 1728048741.6292398
File /Users/vivmagarwal/miniconda3/envs/django/lib/python3.12/lib-dynload/_uuid.cpython-312-darwin.so first seen with mtime 1728048784.7204597
File /Users/vivmagarwal/miniconda3/envs/django/lib/python3.12/multiprocessing/context.py first seen with mtime 1728048744.0030773
File /Users/vivmagarwal/miniconda3/envs/django/lib/python3.12/site-packages/asgiref/current_thread_executor.py first seen with mtime 1724072491.661838
File /Users/vivmagarwal/miniconda3/envs/django/lib/python3.12/site-packages/django/db/models/fields/mixins.py first seen with mtime 1724964536.1525002
File /Users/vivmagarwal/miniconda3/envs/django/lib/python3.12/site-packages/django/db/backends/base/validation.py first seen with mtime 1724964536.1393118
File /Users/vivmagarwal/miniconda3/envs/django/lib/python3.12/email/_parseaddr.py first seen with mtime 1728048742.1428237
File /Users/vivmagarwal/miniconda3/envs/django/lib/python3.12/lib-dynload/_heapq.cpython-312-darwin.so first seen with mtime 1728048780.484186
File /Users/vivmagarwal/miniconda3/envs/django/lib/python3.12/site-packages/django/template/engine.py first seen with mtime 1724964536.173642
File /Users/vivmagarwal/miniconda3/envs/django/lib/python3.12/site-packages/django/db/migrations/state.py first seen with mtime 1724964536.1477118
File /Users/vivmagarwal/miniconda3/envs/django/lib/python3.12/site-packages/django/db/models/fields/related_descriptors.py first seen with mtime 1724964536.1531048
File /Users/vivmagarwal/miniconda3/envs/django/lib/python3.12/urllib/response.py first seen with mtime 1728048744.4978194
File /Users/vivmagarwal/miniconda3/envs/django/lib/python3.12/site-packages/django/contrib/sessions/base_session.py first seen with mtime 1724964536.0544968
File /Users/vivmagarwal/miniconda3/envs/django/lib/python3.12/site-packages/django/core/__init__.py first seen with mtime 1724964536.1236486
File /Users/vivmagarwal/miniconda3/envs/django/lib/python3.12/site-packages/sqlparse/formatter.py first seen with mtime 1699250122.2800589
File /Users/vivmagarwal/miniconda3/envs/django/lib/python3.12/site-packages/django/db/migrations/migration.py first seen with mtime 1724964536.1468878
File /Users/vivmagarwal/miniconda3/envs/django/lib/python3.12/site-packages/django/contrib/admin/templatetags/base.py first seen with mtime 1724964535.7594512
File /Users/vivmagarwal/miniconda3/envs/django/lib/python3.12/lib-dynload/_pickle.cpython-312-darwin.so first seen with mtime 1728048785.20324
File /Users/vivmagarwal/miniconda3/envs/django/lib/python3.12/site-packages/django/contrib/admin/views/__init__.py first seen with mtime 1724964535.7596536
File /Users/vivmagarwal/miniconda3/envs/django/lib/python3.12/site-packages/django/contrib/staticfiles/handlers.py first seen with mtime 1724964536.1218097
File /Users/vivmagarwal/miniconda3/envs/django/lib/python3.12/site-packages/django/db/models/sql/__init__.py first seen with mtime 1724964536.1543915
File /Users/vivmagarwal/miniconda3/envs/django/lib/python3.12/site-packages/django/template/backends/base.py first seen with mtime 1724964536.174701
File /Users/vivmagarwal/miniconda3/envs/django/lib/python3.12/site-packages/django/core/handlers/base.py first seen with mtime 1724964536.1297271
File /Users/vivmagarwal/miniconda3/envs/django/lib/python3.12/enum.py first seen with mtime 1728048741.2295074
File /Users/vivmagarwal/miniconda3/envs/django/lib/python3.12/concurrent/__init__.py first seen with mtime 1728048741.9576018
File /Users/vivmagarwal/miniconda3/envs/django/lib/python3.12/site-packages/django/utils/translation/trans_real.py first seen with mtime 1724964536.1844382
File /Users/vivmagarwal/miniconda3/envs/django/lib/python3.12/lib-dynload/fcntl.cpython-312-darwin.so first seen with mtime 1728048780.1626053
File /Users/vivmagarwal/miniconda3/envs/django/lib/python3.12/site-packages/django/core/files/images.py first seen with mtime 1724964536.1279826
File /Users/vivmagarwal/miniconda3/envs/django/lib/python3.12/site-packages/django/utils/text.py first seen with mtime 1724964536.1828964
File /Users/vivmagarwal/miniconda3/envs/django/lib/python3.12/site-packages/django/db/backends/sqlite3/features.py first seen with mtime 1724964536.1448295
File /Users/vivmagarwal/miniconda3/envs/django/lib/python3.12/site-packages/django/core/serializers/python.py first seen with mtime 1724964536.1356604
File /Users/vivmagarwal/miniconda3/envs/django/lib/python3.12/site-packages/django/db/models/signals.py first seen with mtime 1724964536.1514907
File /Users/vivmagarwal/miniconda3/envs/django/lib/python3.12/site-packages/django/contrib/contenttypes/fields.py first seen with mtime 1724964535.8405218
File /Users/vivmagarwal/miniconda3/envs/django/lib/python3.12/site-packages/django/middleware/__init__.py first seen with mtime 1724964536.1707165
File /Users/vivmagarwal/miniconda3/envs/django/lib/python3.12/asyncio/log.py first seen with mtime 1728048741.8359087
File /Users/vivmagarwal/miniconda3/envs/django/lib/python3.12/sqlite3/dbapi2.py first seen with mtime 1728048744.1871197
File /Users/vivmagarwal/miniconda3/envs/django/lib/python3.12/site-packages/django/db/models/functions/__init__.py first seen with mtime 1724964536.1535337
File /Users/vivmagarwal/miniconda3/envs/django/lib/python3.12/site-packages/django/db/models/utils.py first seen with mtime 1724964536.1516044
File /Users/vivmagarwal/miniconda3/envs/django/lib/python3.12/urllib/request.py first seen with mtime 1728048744.4931176
File /Users/vivmagarwal/miniconda3/envs/django/lib/python3.12/site-packages/django/apps/config.py first seen with mtime 1724964535.6009307
File /Users/vivmagarwal/miniconda3/envs/django/lib/python3.12/site-packages/django/core/files/storage/memory.py first seen with mtime 1724964536.1292496
File /Users/vivmagarwal/miniconda3/envs/django/lib/python3.12/site-packages/django/core/servers/__init__.py first seen with mtime 1724964536.1360068
File /Users/vivmagarwal/miniconda3/envs/django/lib/python3.12/importlib/_abc.py first seen with mtime 1728048743.4417462
File /Users/vivmagarwal/miniconda3/envs/django/lib/python3.12/site-packages/django/utils/tree.py first seen with mtime 1724964536.1834424
File /Users/vivmagarwal/miniconda3/envs/django/lib/python3.12/site-packages/django/db/models/options.py first seen with mtime 1724964536.1508133
File /Users/vivmagarwal/miniconda3/envs/django/lib/python3.12/site-packages/django/contrib/messages/utils.py first seen with mtime 1724964535.9911923
File /Users/vivmagarwal/miniconda3/envs/django/lib/python3.12/site-packages/django/template/context.py first seen with mtime 1724964536.1729946
File /Users/vivmagarwal/miniconda3/envs/django/lib/python3.12/site-packages/django/contrib/auth/admin.py first seen with mtime 1724964535.7961202
File /Users/vivmagarwal/miniconda3/envs/django/lib/python3.12/site-packages/django/contrib/contenttypes/checks.py first seen with mtime 1724964535.8403604
File /Users/vivmagarwal/miniconda3/envs/django/lib/python3.12/site-packages/django/contrib/auth/hashers.py first seen with mtime 1724964535.797265
File /Users/vivmagarwal/miniconda3/envs/django/lib/python3.12/site-packages/django/core/management/commands/runserver.py first seen with mtime 1724964536.1338432
File /Users/vivmagarwal/miniconda3/envs/django/lib/python3.12/site-packages/django/contrib/admin/widgets.py first seen with mtime 1724964535.6666105
File /Users/vivmagarwal/miniconda3/envs/django/lib/python3.12/site-packages/django/template/loaders/base.py first seen with mtime 1724964536.175453
File /Users/vivmagarwal/miniconda3/envs/django/lib/python3.12/site-packages/django/core/checks/files.py first seen with mtime 1724964536.1262932
File /Users/vivmagarwal/miniconda3/envs/django/lib/python3.12/email/quoprimime.py first seen with mtime 1728048742.2171106
File /Users/vivmagarwal/miniconda3/envs/django/lib/python3.12/site-packages/django/core/serializers/json.py first seen with mtime 1724964536.135447
File /Users/vivmagarwal/Desktop/VSCode/Django/storefront/movies/urls.py first seen with mtime 1728519850.5881248
File /Users/vivmagarwal/miniconda3/envs/django/lib/python3.12/site-packages/django/utils/log.py first seen with mtime 1724964536.1820717
File /Users/vivmagarwal/miniconda3/envs/django/lib/python3.12/html/parser.py first seen with mtime 1728048742.9379292
File /Users/vivmagarwal/miniconda3/envs/django/lib/python3.12/site-packages/django/__init__.py first seen with mtime 1724964535.6002312
File /Users/vivmagarwal/miniconda3/envs/django/lib/python3.12/site-packages/django/core/checks/translation.py first seen with mtime 1724964536.1268597
File /Users/vivmagarwal/miniconda3/envs/django/lib/python3.12/site-packages/django/core/serializers/base.py first seen with mtime 1724964536.1353376
File /Users/vivmagarwal/miniconda3/envs/django/lib/python3.12/site-packages/django/views/decorators/common.py first seen with mtime 1724964536.185961
File /Users/vivmagarwal/miniconda3/envs/django/lib/python3.12/urllib/__init__.py first seen with mtime 1728048744.477307
File /Users/vivmagarwal/miniconda3/envs/django/lib/python3.12/site-packages/django/http/request.py first seen with mtime 1724964536.1704488
File /Users/vivmagarwal/miniconda3/envs/django/lib/python3.12/shutil.py first seen with mtime 1728048741.5423179
File /Users/vivmagarwal/miniconda3/envs/django/lib/python3.12/site-packages/asgiref/sync.py first seen with mtime 1724072491.662303
File /Users/vivmagarwal/miniconda3/envs/django/lib/python3.12/site-packages/django/db/migrations/operations/base.py first seen with mtime 1724964536.1482878
File /Users/vivmagarwal/miniconda3/envs/django/lib/python3.12/site-packages/django/core/mail/message.py first seen with mtime 1724964536.1302545
File /Users/vivmagarwal/miniconda3/envs/django/lib/python3.12/multiprocessing/process.py first seen with mtime 1728048744.0494173
File /Users/vivmagarwal/miniconda3/envs/django/lib/python3.12/email/encoders.py first seen with mtime 1728048742.171513
File /Users/vivmagarwal/miniconda3/envs/django/lib/python3.12/site-packages/django/db/migrations/operations/special.py first seen with mtime 1724964536.1487288
File /Users/vivmagarwal/miniconda3/envs/django/lib/python3.12/json/decoder.py first seen with mtime 1728048743.5726697
File /Users/vivmagarwal/miniconda3/envs/django/lib/python3.12/site-packages/django/forms/utils.py first seen with mtime 1724964536.157974
File /Users/vivmagarwal/miniconda3/envs/django/lib/python3.12/lzma.py first seen with mtime 1728048741.343522
File /Users/vivmagarwal/miniconda3/envs/django/lib/python3.12/site-packages/django/db/utils.py first seen with mtime 1724964536.1365259
File /Users/vivmagarwal/miniconda3/envs/django/lib/python3.12/lib-dynload/_bz2.cpython-312-darwin.so first seen with mtime 1728048779.757206
File /Users/vivmagarwal/miniconda3/envs/django/lib/python3.12/site-packages/django/utils/translation/reloader.py first seen with mtime 1724964536.1840327
File /Users/vivmagarwal/miniconda3/envs/django/lib/python3.12/site-packages/django/views/generic/base.py first seen with mtime 1724964536.1868188
File /Users/vivmagarwal/miniconda3/envs/django/lib/python3.12/site-packages/django/db/models/functions/datetime.py first seen with mtime 1724964536.1537945
File /Users/vivmagarwal/miniconda3/envs/django/lib/python3.12/site-packages/django/db/backends/sqlite3/schema.py first seen with mtime 1724964536.145272
File /Users/vivmagarwal/miniconda3/envs/django/lib/python3.12/site-packages/django/contrib/contenttypes/models.py first seen with mtime 1724964535.8407474
File /Users/vivmagarwal/miniconda3/envs/django/lib/python3.12/site-packages/django/dispatch/__init__.py first seen with mtime 1724964536.1557448
File /Users/vivmagarwal/miniconda3/envs/django/lib/python3.12/site-packages/django/contrib/auth/password_validation.py first seen with mtime 1724964535.7977602
File /Users/vivmagarwal/miniconda3/envs/django/lib/python3.12/contextvars.py first seen with mtime 1728048741.1835103
File /Users/vivmagarwal/miniconda3/envs/django/lib/python3.12/asyncio/base_events.py first seen with mtime 1728048741.7871242
File /Users/vivmagarwal/miniconda3/envs/django/lib/python3.12/lib-dynload/_socket.cpython-312-darwin.so first seen with mtime 1728048780.8197958
File /Users/vivmagarwal/miniconda3/envs/django/lib/python3.12/site-packages/django/contrib/sites/shortcuts.py first seen with mtime 1724964536.0901217
File /Users/vivmagarwal/miniconda3/envs/django/lib/python3.12/asyncio/subprocess.py first seen with mtime 1728048741.8937016
File /Users/vivmagarwal/miniconda3/envs/django/lib/python3.12/site-packages/django/core/checks/compatibility/__init__.py first seen with mtime 1724964536.1270788
File /Users/vivmagarwal/miniconda3/envs/django/lib/python3.12/site-packages/django/db/migrations/operations/fields.py first seen with mtime 1724964536.1484158
File /Users/vivmagarwal/miniconda3/envs/django/lib/python3.12/site-packages/django/contrib/staticfiles/__init__.py first seen with mtime 1724964536.1210072
File /Users/vivmagarwal/miniconda3/envs/django/lib/python3.12/email/utils.py first seen with mtime 1728048742.2216156
File /Users/vivmagarwal/miniconda3/envs/django/lib/python3.12/site-packages/django/utils/duration.py first seen with mtime 1724964536.180602
File /Users/vivmagarwal/miniconda3/envs/django/lib/python3.12/lib-dynload/_lzma.cpython-312-darwin.so first seen with mtime 1728048782.0208592
File /Users/vivmagarwal/miniconda3/envs/django/lib/python3.12/site-packages/django/core/files/temp.py first seen with mtime 1724964536.1283143
File /Users/vivmagarwal/miniconda3/envs/django/lib/python3.12/lib-dynload/select.cpython-312-darwin.so first seen with mtime 1728048783.5459795
File /Users/vivmagarwal/miniconda3/envs/django/lib/python3.12/site-packages/sqlparse/filters/reindent.py first seen with mtime 1699250122.2820673
File /Users/vivmagarwal/miniconda3/envs/django/lib/python3.12/calendar.py first seen with mtime 1728048741.122433
File /Users/vivmagarwal/miniconda3/envs/django/lib/python3.12/site-packages/django/core/mail/utils.py first seen with mtime 1724964536.130353
File /Users/vivmagarwal/miniconda3/envs/django/lib/python3.12/site-packages/django/contrib/__init__.py first seen with mtime 1724964535.6640708
File /Users/vivmagarwal/miniconda3/envs/django/lib/python3.12/site-packages/django/db/migrations/exceptions.py first seen with mtime 1724964536.145801
File /Users/vivmagarwal/Desktop/VSCode/Django/storefront/storefront/__init__.py first seen with mtime 1728476722.513308
File /Users/vivmagarwal/miniconda3/envs/django/lib/python3.12/site-packages/django/db/models/functions/math.py first seen with mtime 1724964536.1539102
File /Users/vivmagarwal/miniconda3/envs/django/lib/python3.12/opcode.py first seen with mtime 1728048741.3968945
File /Users/vivmagarwal/miniconda3/envs/django/lib/python3.12/site-packages/django/views/decorators/debug.py first seen with mtime 1724964536.1861906
File /Users/vivmagarwal/miniconda3/envs/django/lib/python3.12/site-packages/django/core/checks/registry.py first seen with mtime 1724964536.126646
File /Users/vivmagarwal/miniconda3/envs/django/lib/python3.12/site-packages/django/db/models/constants.py first seen with mtime 1724964536.1494675
File /Users/vivmagarwal/miniconda3/envs/django/lib/python3.12/typing.py first seen with mtime 1728048741.7032104
File /Users/vivmagarwal/miniconda3/envs/django/lib/python3.12/site-packages/django/db/models/sql/where.py first seen with mtime 1724964536.1555827
File /Users/vivmagarwal/miniconda3/envs/django/lib/python3.12/dis.py first seen with mtime 1728048741.2203135
File /Users/vivmagarwal/miniconda3/envs/django/lib/python3.12/site-packages/django/utils/inspect.py first seen with mtime 1724964536.1816242
File /Users/vivmagarwal/miniconda3/envs/django/lib/python3.12/site-packages/sqlparse/lexer.py first seen with mtime 1699250122.2803996
File /Users/vivmagarwal/miniconda3/envs/django/lib/python3.12/asyncio/queues.py first seen with mtime 1728048741.8565204
File /Users/vivmagarwal/miniconda3/envs/django/lib/python3.12/_compat_pickle.py first seen with mtime 1728048741.0181897
File /Users/vivmagarwal/miniconda3/envs/django/lib/python3.12/encodings/utf_8.py first seen with mtime 1728048742.866527
File /Users/vivmagarwal/miniconda3/envs/django/lib/python3.12/site-packages/django/core/exceptions.py first seen with mtime 1724964536.123887
File /Users/vivmagarwal/miniconda3/envs/django/lib/python3.12/site-packages/django/db/backends/signals.py first seen with mtime 1724964536.1372998
File /Users/vivmagarwal/miniconda3/envs/django/lib/python3.12/warnings.py first seen with mtime 1728048741.7152255
File /Users/vivmagarwal/miniconda3/envs/django/lib/python3.12/types.py first seen with mtime 1728048741.6987832
File /Users/vivmagarwal/miniconda3/envs/django/lib/python3.12/base64.py first seen with mtime 1728048741.0958838
File /Users/vivmagarwal/miniconda3/envs/django/lib/python3.12/site-packages/django/contrib/staticfiles/checks.py first seen with mtime 1724964536.1212287
File /Users/vivmagarwal/miniconda3/envs/django/lib/python3.12/site-packages/django/utils/crypto.py first seen with mtime 1724964536.1796968
File /Users/vivmagarwal/miniconda3/envs/django/lib/python3.12/site-packages/django/core/cache/backends/filebased.py first seen with mtime 1724964536.1253793
File /Users/vivmagarwal/miniconda3/envs/django/lib/python3.12/site-packages/django/templatetags/l10n.py first seen with mtime 1724964536.176223
File /Users/vivmagarwal/miniconda3/envs/django/lib/python3.12/asyncio/transports.py first seen with mtime 1728048741.9151099
File /Users/vivmagarwal/miniconda3/envs/django/lib/python3.12/site-packages/django/views/decorators/__init__.py first seen with mtime 1724964536.1856215
File /Users/vivmagarwal/miniconda3/envs/django/lib/python3.12/site-packages/django/db/models/fields/related_lookups.py first seen with mtime 1724964536.15324
File /Users/vivmagarwal/miniconda3/envs/django/lib/python3.12/site-packages/django/forms/formsets.py first seen with mtime 1724964536.1574752
File /Users/vivmagarwal/miniconda3/envs/django/lib/python3.12/site-packages/django/template/utils.py first seen with mtime 1724964536.1744773
File /Users/vivmagarwal/miniconda3/envs/django/lib/python3.12/site-packages/django/contrib/admin/views/main.py first seen with mtime 1724964535.7600493
File /Users/vivmagarwal/miniconda3/envs/django/lib/python3.12/wsgiref/headers.py first seen with mtime 1728048744.5760632
File /Users/vivmagarwal/miniconda3/envs/django/lib/python3.12/site-packages/django/db/models/sql/subqueries.py first seen with mtime 1724964536.1554456
File /Users/vivmagarwal/miniconda3/envs/django/lib/python3.12/site-packages/django/db/models/constraints.py first seen with mtime 1724964536.149636
File /Users/vivmagarwal/miniconda3/envs/django/lib/python3.12/site-packages/django/utils/encoding.py first seen with mtime 1724964536.1807265
File /Users/vivmagarwal/miniconda3/envs/django/lib/python3.12/struct.py first seen with mtime 1728048741.6070306
File /Users/vivmagarwal/miniconda3/envs/django/lib/python3.12/site-packages/django/contrib/auth/apps.py first seen with mtime 1724964535.7962227
File /Users/vivmagarwal/miniconda3/envs/django/lib/python3.12/traceback.py first seen with mtime 1728048741.681884
File /Users/vivmagarwal/miniconda3/envs/django/lib/python3.12/site-packages/django/contrib/messages/__init__.py first seen with mtime 1724964535.9904902
File /Users/vivmagarwal/miniconda3/envs/django/lib/python3.12/site-packages/django/contrib/auth/base_user.py first seen with mtime 1724964535.7964568
File /Users/vivmagarwal/miniconda3/envs/django/lib/python3.12/lib-dynload/_struct.cpython-312-darwin.so first seen with mtime 1728048787.3246145
File /Users/vivmagarwal/miniconda3/envs/django/lib/python3.12/site-packages/django/db/backends/base/__init__.py first seen with mtime 1724964536.1379898
File /Users/vivmagarwal/miniconda3/envs/django/lib/python3.12/site-packages/django/contrib/auth/forms.py first seen with mtime 1724964535.797113
File /Users/vivmagarwal/miniconda3/envs/django/lib/python3.12/site-packages/django/contrib/messages/storage/__init__.py first seen with mtime 1724964535.9914317
File /Users/vivmagarwal/miniconda3/envs/django/lib/python3.12/email/iterators.py first seen with mtime 1728048742.198449
File /Users/vivmagarwal/miniconda3/envs/django/lib/python3.12/site-packages/django/conf/global_settings.py first seen with mtime 1724964535.6015072
File /Users/vivmagarwal/miniconda3/envs/django/lib/python3.12/site-packages/django/utils/dateparse.py first seen with mtime 1724964536.1800742
File /Users/vivmagarwal/miniconda3/envs/django/lib/python3.12/re/_parser.py first seen with mtime 1728048744.1576853
File /Users/vivmagarwal/miniconda3/envs/django/lib/python3.12/asyncio/mixins.py first seen with mtime 1728048741.8399105
File /Users/vivmagarwal/miniconda3/envs/django/lib/python3.12/site-packages/django/template/smartif.py first seen with mtime 1724964536.174367
File /Users/vivmagarwal/miniconda3/envs/django/lib/python3.12/site-packages/asgiref/local.py first seen with mtime 1724072491.6619627
File /Users/vivmagarwal/miniconda3/envs/django/lib/python3.12/site-packages/django/middleware/cache.py first seen with mtime 1724964536.1708558
File /Users/vivmagarwal/miniconda3/envs/django/lib/python3.12/site-packages/django/db/models/sql/datastructures.py first seen with mtime 1724964536.1549277
File /Users/vivmagarwal/miniconda3/envs/django/lib/python3.12/site-packages/django/db/models/manager.py first seen with mtime 1724964536.1506038
File /Users/vivmagarwal/miniconda3/envs/django/lib/python3.12/site-packages/django/template/backends/django.py first seen with mtime 1724964536.1748157
File /Users/vivmagarwal/miniconda3/envs/django/lib/python3.12/site-packages/django/contrib/sites/requests.py first seen with mtime 1724964536.0900004
File /Users/vivmagarwal/miniconda3/envs/django/lib/python3.12/site-packages/django/urls/exceptions.py first seen with mtime 1724964536.1783676
File /Users/vivmagarwal/miniconda3/envs/django/lib/python3.12/site-packages/django/forms/renderers.py first seen with mtime 1724964536.1578424
File /Users/vivmagarwal/miniconda3/envs/django/lib/python3.12/site-packages/django/db/models/fields/json.py first seen with mtime 1724964536.1523874
File /Users/vivmagarwal/miniconda3/envs/django/lib/python3.12/lib-dynload/_bisect.cpython-312-darwin.so first seen with mtime 1728048782.1368356
File /Users/vivmagarwal/miniconda3/envs/django/lib/python3.12/site-packages/django/db/models/functions/mixins.py first seen with mtime 1724964536.154014
File /Users/vivmagarwal/miniconda3/envs/django/lib/python3.12/lib-dynload/_json.cpython-312-darwin.so first seen with mtime 1728048780.595218
File /Users/vivmagarwal/miniconda3/envs/django/lib/python3.12/socket.py first seen with mtime 1728048741.5631232
File /Users/vivmagarwal/miniconda3/envs/django/lib/python3.12/html/entities.py first seen with mtime 1728048742.9338424
File /Users/vivmagarwal/miniconda3/envs/django/lib/python3.12/inspect.py first seen with mtime 1728048741.3185985
File /Users/vivmagarwal/miniconda3/envs/django/lib/python3.12/site-packages/django/contrib/staticfiles/utils.py first seen with mtime 1724964536.1224997
File /Users/vivmagarwal/miniconda3/envs/django/lib/python3.12/email/mime/__init__.py first seen with mtime 1728048742.2349093
File /Users/vivmagarwal/miniconda3/envs/django/lib/python3.12/site-packages/django/db/backends/utils.py first seen with mtime 1724964536.1378565
File /Users/vivmagarwal/miniconda3/envs/django/lib/python3.12/site-packages/django/core/checks/caches.py first seen with mtime 1724964536.1260843
File /Users/vivmagarwal/miniconda3/envs/django/lib/python3.12/asyncio/threads.py first seen with mtime 1728048741.906671
File /Users/vivmagarwal/miniconda3/envs/django/lib/python3.12/http/server.py first seen with mtime 1728048742.9667459
File /Users/vivmagarwal/miniconda3/envs/django/lib/python3.12/lib-dynload/_statistics.cpython-312-darwin.so first seen with mtime 1728048783.7325776
File /Users/vivmagarwal/miniconda3/envs/django/lib/python3.12/site-packages/django/db/models/deletion.py first seen with mtime 1724964536.1497917
File /Users/vivmagarwal/miniconda3/envs/django/lib/python3.12/email/mime/nonmultipart.py first seen with mtime 1728048742.2756178
File /Users/vivmagarwal/miniconda3/envs/django/lib/python3.12/asyncio/staggered.py first seen with mtime 1728048741.8800466
File /Users/vivmagarwal/miniconda3/envs/django/lib/python3.12/socketserver.py first seen with mtime 1728048741.5671399
File /Users/vivmagarwal/miniconda3/envs/django/lib/python3.12/site-packages/django/urls/resolvers.py first seen with mtime 1724964536.1785402
File /Users/vivmagarwal/miniconda3/envs/django/lib/python3.12/site-packages/django/contrib/staticfiles/management/__init__.py first seen with mtime 1724964536.1227105
File /Users/vivmagarwal/miniconda3/envs/django/lib/python3.12/site-packages/django/utils/cache.py first seen with mtime 1724964536.1793792
File /Users/vivmagarwal/miniconda3/envs/django/lib/python3.12/lib-dynload/_contextvars.cpython-312-darwin.so first seen with mtime 1728048781.3716245
File /Users/vivmagarwal/miniconda3/envs/django/lib/python3.12/hmac.py first seen with mtime 1728048741.3053653
File /Users/vivmagarwal/miniconda3/envs/django/lib/python3.12/asyncio/coroutines.py first seen with mtime 1728048741.809093
File /Users/vivmagarwal/miniconda3/envs/django/lib/python3.12/site-packages/django/forms/forms.py first seen with mtime 1724964536.1573133
File /Users/vivmagarwal/miniconda3/envs/django/lib/python3.12/linecache.py first seen with mtime 1728048741.3350463
File /Users/vivmagarwal/miniconda3/envs/django/lib/python3.12/lib-dynload/array.cpython-312-darwin.so first seen with mtime 1728048784.006478
File /Users/vivmagarwal/miniconda3/envs/django/lib/python3.12/site-packages/django/contrib/admin/utils.py first seen with mtime 1724964535.6664512
File /Users/vivmagarwal/miniconda3/envs/django/lib/python3.12/site-packages/django/utils/connection.py first seen with mtime 1724964536.1795902
File /Users/vivmagarwal/miniconda3/envs/django/lib/python3.12/site-packages/django/db/migrations/utils.py first seen with mtime 1724964536.147853
File /Users/vivmagarwal/miniconda3/envs/django/lib/python3.12/datetime.py first seen with mtime 1728048741.2085679
File /Users/vivmagarwal/miniconda3/envs/django/lib/python3.12/asyncio/base_futures.py first seen with mtime 1728048741.7912593
File /Users/vivmagarwal/miniconda3/envs/django/lib/python3.12/site-packages/django/db/backends/base/features.py first seen with mtime 1724964536.1386187
File /Users/vivmagarwal/miniconda3/envs/django/lib/python3.12/site-packages/django/db/models/expressions.py first seen with mtime 1724964536.1501563
File /Users/vivmagarwal/miniconda3/envs/django/lib/python3.12/lib-dynload/termios.cpython-312-darwin.so first seen with mtime 1728048786.225863
File /Users/vivmagarwal/miniconda3/envs/django/lib/python3.12/asyncio/tasks.py first seen with mtime 1728048741.9025455
File /Users/vivmagarwal/miniconda3/envs/django/lib/python3.12/asyncio/base_tasks.py first seen with mtime 1728048741.799681
File /Users/vivmagarwal/miniconda3/envs/django/lib/python3.12/operator.py first seen with mtime 1728048741.4027882
File /Users/vivmagarwal/Desktop/VSCode/Django/storefront/storefront/settings.py first seen with mtime 1728520444.3731961
File /Users/vivmagarwal/miniconda3/envs/django/lib/python3.12/site-packages/django/core/management/commands/__init__.py first seen with mtime 1724964536.1320183
File /Users/vivmagarwal/miniconda3/envs/django/lib/python3.12/site-packages/django/contrib/admin/sites.py first seen with mtime 1724964535.6661532
File /Users/vivmagarwal/miniconda3/envs/django/lib/python3.12/site-packages/django/contrib/admin/decorators.py first seen with mtime 1724964535.665018
File /Users/vivmagarwal/miniconda3/envs/django/lib/python3.12/gzip.py first seen with mtime 1728048741.2938614
File /Users/vivmagarwal/miniconda3/envs/django/lib/python3.12/site-packages/django/http/cookie.py first seen with mtime 1724964536.17009
File /Users/vivmagarwal/miniconda3/envs/django/lib/python3.12/site-packages/django/db/models/lookups.py first seen with mtime 1724964536.150471
File /Users/vivmagarwal/miniconda3/envs/django/lib/python3.12/site-packages/django/utils/numberformat.py first seen with mtime 1724964536.1824036
File /Users/vivmagarwal/miniconda3/envs/django/lib/python3.12/email/generator.py first seen with mtime 1728048742.1843436
File /Users/vivmagarwal/miniconda3/envs/django/lib/python3.12/site-packages/django/contrib/contenttypes/admin.py first seen with mtime 1724964535.8401558
File /Users/vivmagarwal/miniconda3/envs/django/lib/python3.12/site-packages/django/urls/conf.py first seen with mtime 1724964536.1781604
File /Users/vivmagarwal/miniconda3/envs/django/lib/python3.12/site-packages/django/db/models/functions/text.py first seen with mtime 1724964536.1541357
File /Users/vivmagarwal/miniconda3/envs/django/lib/python3.12/lib-dynload/_decimal.cpython-312-darwin.so first seen with mtime 1728048785.0550094
File /Users/vivmagarwal/miniconda3/envs/django/lib/python3.12/site-packages/django/core/files/base.py first seen with mtime 1724964536.1278753
File /Users/vivmagarwal/miniconda3/envs/django/lib/python3.12/site-packages/django/core/files/uploadedfile.py first seen with mtime 1724964536.1284258
File /Users/vivmagarwal/miniconda3/envs/django/lib/python3.12/lib-dynload/binascii.cpython-312-darwin.so first seen with mtime 1728048784.4900937
File /Users/vivmagarwal/miniconda3/envs/django/lib/python3.12/site-packages/django/utils/asyncio.py first seen with mtime 1724964536.1790771
File /Users/vivmagarwal/miniconda3/envs/django/lib/python3.12/site-packages/django/core/handlers/wsgi.py first seen with mtime 1724964536.1299624
File /Users/vivmagarwal/miniconda3/envs/django/lib/python3.12/lib-dynload/_datetime.cpython-312-darwin.so first seen with mtime 1728048785.572573
File /Users/vivmagarwal/miniconda3/envs/django/lib/python3.12/site-packages/django/contrib/messages/api.py first seen with mtime 1724964535.9905975
File /Users/vivmagarwal/miniconda3/envs/django/lib/python3.12/site-packages/django/conf/__init__.py first seen with mtime 1724964535.6013021
File /Users/vivmagarwal/miniconda3/envs/django/lib/python3.12/_weakrefset.py first seen with mtime 1728048741.071085
File /Users/vivmagarwal/miniconda3/envs/django/lib/python3.12/uuid.py first seen with mtime 1728048741.7112377
File /Users/vivmagarwal/miniconda3/envs/django/lib/python3.12/email/message.py first seen with mtime 1728048742.2028997
File /Users/vivmagarwal/Desktop/VSCode/Django/storefront/playground/__init__.py first seen with mtime 1728477579.9876812
File /Users/vivmagarwal/miniconda3/envs/django/lib/python3.12/site-packages/django/templatetags/i18n.py first seen with mtime 1724964536.1761198
File /Users/vivmagarwal/miniconda3/envs/django/lib/python3.12/bisect.py first seen with mtime 1728048741.1065147
File /Users/vivmagarwal/miniconda3/envs/django/lib/python3.12/site-packages/sqlparse/filters/others.py first seen with mtime 1699250122.281806
File /Users/vivmagarwal/miniconda3/envs/django/lib/python3.12/site-packages/asgiref/__init__.py first seen with mtime 1724072491.6615593
File /Users/vivmagarwal/miniconda3/envs/django/lib/python3.12/email/headerregistry.py first seen with mtime 1728048742.1935232
File /Users/vivmagarwal/miniconda3/envs/django/lib/python3.12/json/__init__.py first seen with mtime 1728048743.5684865
File /Users/vivmagarwal/Desktop/VSCode/Django/storefront/playground/admin.py first seen with mtime 1728477579.9882843
File /Users/vivmagarwal/miniconda3/envs/django/lib/python3.12/site-packages/django/contrib/auth/validators.py first seen with mtime 1724964535.7981768
File /Users/vivmagarwal/miniconda3/envs/django/lib/python3.12/pathlib.py first seen with mtime 1728048741.4162054
File /Users/vivmagarwal/miniconda3/envs/django/lib/python3.12/site-packages/django/db/backends/sqlite3/operations.py first seen with mtime 1724964536.1451225
File /Users/vivmagarwal/miniconda3/envs/django/lib/python3.12/site-packages/django/core/files/__init__.py first seen with mtime 1724964536.1277635
File /Users/vivmagarwal/miniconda3/envs/django/lib/python3.12/site-packages/django/db/models/sql/constants.py first seen with mtime 1724964536.1547995
File /Users/vivmagarwal/miniconda3/envs/django/lib/python3.12/site-packages/django/template/base.py first seen with mtime 1724964536.17286
File /Users/vivmagarwal/miniconda3/envs/django/lib/python3.12/asyncio/events.py first seen with mtime 1728048741.8137126
File /Users/vivmagarwal/miniconda3/envs/django/lib/python3.12/site-packages/django/utils/_os.py first seen with mtime 1724964536.1788588
File /Users/vivmagarwal/miniconda3/envs/django/lib/python3.12/asyncio/streams.py first seen with mtime 1728048741.8867607
File /Users/vivmagarwal/miniconda3/envs/django/lib/python3.12/site-packages/django/core/files/move.py first seen with mtime 1724964536.128207
File /Users/vivmagarwal/miniconda3/envs/django/lib/python3.12/asyncio/protocols.py first seen with mtime 1728048741.8505015
File /Users/vivmagarwal/miniconda3/envs/django/lib/python3.12/textwrap.py first seen with mtime 1728048741.6536958
File /Users/vivmagarwal/miniconda3/envs/django/lib/python3.12/encodings/aliases.py first seen with mtime 1728048742.2964041
File /Users/vivmagarwal/miniconda3/envs/django/lib/python3.12/pkgutil.py first seen with mtime 1728048741.4374235
File /Users/vivmagarwal/miniconda3/envs/django/lib/python3.12/site-packages/django/core/servers/basehttp.py first seen with mtime 1724964536.1361432
File /Users/vivmagarwal/miniconda3/envs/django/lib/python3.12/site-packages/django/urls/utils.py first seen with mtime 1724964536.1786478
File /Users/vivmagarwal/miniconda3/envs/django/lib/python3.12/site-packages/django/db/models/fields/files.py first seen with mtime 1724964536.152107
File /Users/vivmagarwal/miniconda3/envs/django/lib/python3.12/json/scanner.py first seen with mtime 1728048743.580758
File /Users/vivmagarwal/miniconda3/envs/django/lib/python3.12/site-packages/django/contrib/auth/models.py first seen with mtime 1724964535.7976313
File /Users/vivmagarwal/miniconda3/envs/django/lib/python3.12/site-packages/django/contrib/messages/storage/base.py first seen with mtime 1724964535.9915469
File /Users/vivmagarwal/miniconda3/envs/django/lib/python3.12/site-packages/django/utils/html.py first seen with mtime 1724964536.1813717
File /Users/vivmagarwal/miniconda3/envs/django/lib/python3.12/importlib/__init__.py first seen with mtime 1728048743.437716
File /Users/vivmagarwal/miniconda3/envs/django/lib/python3.12/site-packages/django/contrib/auth/views.py first seen with mtime 1724964535.7983038
File /Users/vivmagarwal/miniconda3/envs/django/lib/python3.12/site-packages/django/core/checks/security/__init__.py first seen with mtime 1724964536.1272902
File /Users/vivmagarwal/miniconda3/envs/django/lib/python3.12/lib-dynload/_scproxy.cpython-312-darwin.so first seen with mtime 1728048786.6696856
File /Users/vivmagarwal/miniconda3/envs/django/lib/python3.12/site-packages/django/http/__init__.py first seen with mtime 1724964536.1699862
File /Users/vivmagarwal/miniconda3/envs/django/lib/python3.12/site-packages/django/utils/formats.py first seen with mtime 1724964536.180982
File /Users/vivmagarwal/miniconda3/envs/django/lib/python3.12/site-packages/django/utils/translation/__init__.py first seen with mtime 1724964536.183911
File /Users/vivmagarwal/miniconda3/envs/django/lib/python3.12/tempfile.py first seen with mtime 1728048741.6499066
File /Users/vivmagarwal/miniconda3/envs/django/lib/python3.12/lib-dynload/_posixsubprocess.cpython-312-darwin.so first seen with mtime 1728048786.9548018
File /Users/vivmagarwal/miniconda3/envs/django/lib/python3.12/http/client.py first seen with mtime 1728048742.9538808
File /Users/vivmagarwal/miniconda3/envs/django/lib/python3.12/site-packages/django/utils/datastructures.py first seen with mtime 1724964536.1798277
File /Users/vivmagarwal/miniconda3/envs/django/lib/python3.12/site-packages/django/core/cache/utils.py first seen with mtime 1724964536.1247673
File /Users/vivmagarwal/miniconda3/envs/django/lib/python3.12/encodings/__init__.py first seen with mtime 1728048742.2922177
File /Users/vivmagarwal/miniconda3/envs/django/lib/python3.12/site-packages/django/core/management/base.py first seen with mtime 1724964536.1314623
File /Users/vivmagarwal/miniconda3/envs/django/lib/python3.12/site-packages/django/core/cache/backends/__init__.py first seen with mtime 1724964536.1248715
File /Users/vivmagarwal/miniconda3/envs/django/lib/python3.12/site-packages/django/db/backends/base/schema.py first seen with mtime 1724964536.1391904
File /Users/vivmagarwal/miniconda3/envs/django/lib/python3.12/site-packages/django/core/management/__init__.py first seen with mtime 1724964536.131304
File /Users/vivmagarwal/miniconda3/envs/django/lib/python3.12/email/mime/text.py first seen with mtime 1728048742.2806702
File /Users/vivmagarwal/miniconda3/envs/django/lib/python3.12/site-packages/django/contrib/admin/templatetags/admin_modify.py first seen with mtime 1724964535.759247
File /Users/vivmagarwal/miniconda3/envs/django/lib/python3.12/site-packages/django/contrib/admin/templatetags/admin_urls.py first seen with mtime 1724964535.7593505
File /Users/vivmagarwal/miniconda3/envs/django/lib/python3.12/site-packages/django/db/backends/sqlite3/base.py first seen with mtime 1724964536.1444795
File /Users/vivmagarwal/miniconda3/envs/django/lib/python3.12/heapq.py first seen with mtime 1728048741.3015928
File /Users/vivmagarwal/miniconda3/envs/django/lib/python3.12/site-packages/django/contrib/auth/middleware.py first seen with mtime 1724964535.7973843
File /Users/vivmagarwal/miniconda3/envs/django/lib/python3.12/site-packages/sqlparse/filters/__init__.py first seen with mtime 1699250122.2815506
File /Users/vivmagarwal/miniconda3/envs/django/lib/python3.12/site-packages/django/contrib/admin/actions.py first seen with mtime 1724964535.6645694
File /Users/vivmagarwal/miniconda3/envs/django/lib/python3.12/site-packages/django/views/debug.py first seen with mtime 1724964536.1851134
File /Users/vivmagarwal/miniconda3/envs/django/lib/python3.12/site-packages/django/contrib/auth/checks.py first seen with mtime 1724964535.7965763
File /Users/vivmagarwal/miniconda3/envs/django/lib/python3.12/site-packages/django/middleware/security.py first seen with mtime 1724964536.1723773
File /Users/vivmagarwal/miniconda3/envs/django/lib/python3.12/asyncio/timeouts.py first seen with mtime 1728048741.9110143
File /Users/vivmagarwal/miniconda3/envs/django/lib/python3.12/urllib/error.py first seen with mtime 1728048744.4828804
File /Users/vivmagarwal/miniconda3/envs/django/lib/python3.12/site-packages/sqlparse/tokens.py first seen with mtime 1699250122.2807133
File /Users/vivmagarwal/miniconda3/envs/django/lib/python3.12/site-packages/django/views/__init__.py first seen with mtime 1724964536.184588
File /Users/vivmagarwal/Desktop/VSCode/Django/storefront/movies/templates/movies first seen with mtime 1728519628.4160786
File /Users/vivmagarwal/Desktop/VSCode/Django/storefront/movies/templates/movies/index.html first seen with mtime 1728495255.8046362
File /Users/vivmagarwal/Desktop/VSCode/Django/storefront/movies/templates/movies/detail.html first seen with mtime 1728519997.2542765
File /Users/vivmagarwal/Desktop/VSCode/Django/storefront/templates/base.html first seen with mtime 1728495578.4529352
File /Users/vivmagarwal/miniconda3/envs/django/lib/python3.12/site-packages/django/contrib/auth/migrations/__init__.py first seen with mtime 1724964535.8395522
File /Users/vivmagarwal/miniconda3/envs/django/lib/python3.12/site-packages/django/contrib/contenttypes/migrations/0002_remove_content_type_name.py first seen with mtime 1724964535.873013
File /Users/vivmagarwal/miniconda3/envs/django/lib/python3.12/stringprep.py first seen with mtime 1728048741.6013706
File /Users/vivmagarwal/miniconda3/envs/django/lib/python3.12/site-packages/django/db/migrations/graph.py first seen with mtime 1724964536.1460824
File /Users/vivmagarwal/miniconda3/envs/django/lib/python3.12/site-packages/django/contrib/messages/middleware.py first seen with mtime 1724964535.9909945
File /Users/vivmagarwal/miniconda3/envs/django/lib/python3.12/site-packages/django/contrib/auth/migrations/0012_alter_user_first_name_max_length.py first seen with mtime 1724964535.8394954
File /Users/vivmagarwal/miniconda3/envs/django/lib/python3.12/encodings/idna.py first seen with mtime 1728048742.5688896
File /Users/vivmagarwal/miniconda3/envs/django/lib/python3.12/site-packages/django/contrib/auth/migrations/0007_alter_validators_add_error_messages.py first seen with mtime 1724964535.8386111
File /Users/vivmagarwal/miniconda3/envs/django/lib/python3.12/site-packages/django/contrib/auth/migrations/0001_initial.py first seen with mtime 1724964535.8376496
File /Users/vivmagarwal/miniconda3/envs/django/lib/python3.12/site-packages/django/contrib/auth/migrations/0009_alter_user_last_name_max_length.py first seen with mtime 1724964535.8391724
File /Users/vivmagarwal/miniconda3/envs/django/lib/python3.12/site-packages/django/middleware/common.py first seen with mtime 1724964536.171104
File /Users/vivmagarwal/miniconda3/envs/django/lib/python3.12/site-packages/django/db/migrations/executor.py first seen with mtime 1724964536.1459434
File /Users/vivmagarwal/miniconda3/envs/django/lib/python3.12/site-packages/django/contrib/contenttypes/migrations/__init__.py first seen with mtime 1724964535.8730762
File /Users/vivmagarwal/miniconda3/envs/django/lib/python3.12/site-packages/django/contrib/admin/migrations/0003_logentry_add_action_flag_choices.py first seen with mtime 1724964535.735013
File /Users/vivmagarwal/miniconda3/envs/django/lib/python3.12/site-packages/django/db/models/sql/compiler.py first seen with mtime 1724964536.1546896
File /Users/vivmagarwal/miniconda3/envs/django/lib/python3.12/site-packages/django/contrib/sessions/exceptions.py first seen with mtime 1724964536.0545993
File /Users/vivmagarwal/miniconda3/envs/django/lib/python3.12/site-packages/django/db/migrations/recorder.py first seen with mtime 1724964536.1473453
File /Users/vivmagarwal/miniconda3/envs/django/lib/python3.12/site-packages/django/contrib/auth/migrations/0005_alter_user_last_login_null.py first seen with mtime 1724964535.8380656
File /Users/vivmagarwal/miniconda3/envs/django/lib/python3.12/site-packages/django/contrib/admin/migrations/0002_logentry_remove_auto_add.py first seen with mtime 1724964535.7349122
File /Users/vivmagarwal/miniconda3/envs/django/lib/python3.12/site-packages/django/conf/urls/__init__.py first seen with mtime 1724964535.6634748
File /Users/vivmagarwal/miniconda3/envs/django/lib/python3.12/site-packages/django/views/defaults.py first seen with mtime 1724964536.1852667
File /Users/vivmagarwal/miniconda3/envs/django/lib/python3.12/site-packages/django/contrib/auth/migrations/0002_alter_permission_name_max_length.py first seen with mtime 1724964535.8377614
File /Users/vivmagarwal/Desktop/VSCode/Django/storefront/movies/migrations/__init__.py first seen with mtime 1728478134.1837254
File /Users/vivmagarwal/miniconda3/envs/django/lib/python3.12/site-packages/django/contrib/auth/migrations/0006_require_contenttypes_0002.py first seen with mtime 1724964535.838167
File /Users/vivmagarwal/miniconda3/envs/django/lib/python3.12/site-packages/django/contrib/admin/migrations/__init__.py first seen with mtime 1724964535.73507
File /Users/vivmagarwal/miniconda3/envs/django/lib/python3.12/site-packages/django/contrib/sessions/backends/__init__.py first seen with mtime 1724964536.0550086
File /Users/vivmagarwal/miniconda3/envs/django/lib/python3.12/site-packages/django/contrib/auth/migrations/0011_update_proxy_permissions.py first seen with mtime 1724964535.8393953
File /Users/vivmagarwal/miniconda3/envs/django/lib/python3.12/site-packages/django/contrib/contenttypes/migrations/0001_initial.py first seen with mtime 1724964535.8729007
File /Users/vivmagarwal/Desktop/VSCode/Django/storefront/movies/migrations/0001_initial.py first seen with mtime 1728481084.1970425
File /Users/vivmagarwal/Desktop/VSCode/Django/storefront/playground/migrations/__init__.py first seen with mtime 1728477579.989436
File /Users/vivmagarwal/Desktop/VSCode/Django/storefront/storefront/wsgi.py first seen with mtime 1728476722.5139568
File /Users/vivmagarwal/Desktop/VSCode/Django/storefront/movies/migrations/0002_movie_date_created.py first seen with mtime 1728481588.734392
File /Users/vivmagarwal/miniconda3/envs/django/lib/python3.12/site-packages/django/contrib/sessions/migrations/__init__.py first seen with mtime 1724964536.087771
File /Users/vivmagarwal/miniconda3/envs/django/lib/python3.12/site-packages/django/db/migrations/loader.py first seen with mtime 1724964536.1465652
File /Users/vivmagarwal/miniconda3/envs/django/lib/python3.12/site-packages/django/contrib/auth/migrations/0004_alter_user_username_opts.py first seen with mtime 1724964535.837965
File /Users/vivmagarwal/miniconda3/envs/django/lib/python3.12/site-packages/django/views/csrf.py first seen with mtime 1724964536.1847017
File /Users/vivmagarwal/miniconda3/envs/django/lib/python3.12/site-packages/django/middleware/clickjacking.py first seen with mtime 1724964536.170968
File /Users/vivmagarwal/miniconda3/envs/django/lib/python3.12/site-packages/django/contrib/sessions/backends/base.py first seen with mtime 1724964536.0551515
File /Users/vivmagarwal/miniconda3/envs/django/lib/python3.12/site-packages/django/contrib/auth/migrations/0003_alter_user_email_max_length.py first seen with mtime 1724964535.837864
File /Users/vivmagarwal/miniconda3/envs/django/lib/python3.12/site-packages/django/contrib/sessions/migrations/0001_initial.py first seen with mtime 1724964536.0877125
File /Users/vivmagarwal/miniconda3/envs/django/lib/python3.12/site-packages/django/contrib/sessions/backends/db.py first seen with mtime 1724964536.0554774
File /Users/vivmagarwal/miniconda3/envs/django/lib/python3.12/site-packages/django/contrib/admin/migrations/0001_initial.py first seen with mtime 1724964535.7348082
File /Users/vivmagarwal/miniconda3/envs/django/lib/python3.12/site-packages/django/contrib/auth/migrations/0008_alter_user_username_max_length.py first seen with mtime 1724964535.8389964
File /Users/vivmagarwal/miniconda3/envs/django/lib/python3.12/site-packages/django/contrib/auth/migrations/0010_alter_group_name_max_length.py first seen with mtime 1724964535.8392825
File /Users/vivmagarwal/Desktop/VSCode/Django/storefront/storefront/settings.py previous mtime: 1728520444.3731961, current mtime: 1728520472.9508178
/Users/vivmagarwal/Desktop/VSCode/Django/storefront/storefront/settings.py notified as changed. Signal results: [(<function template_changed at 0x1029807c0>, None), (<function translation_file_changed at 0x1030ea840>, None)].
/Users/vivmagarwal/Desktop/VSCode/Django/storefront/storefront/settings.py changed, reloading.
